<?xml version="1.0" encoding="UTF-8"?>
<testng-results skipped="0" failed="0" total="1" passed="1">
  <reporter-output>
  </reporter-output>
  <suite name="Default suite" duration-ms="2542" started-at="2018-06-06T06:52:06Z" finished-at="2018-06-06T06:52:08Z">
    <groups>
    </groups>
    <test name="Default test" duration-ms="2542" started-at="2018-06-06T06:52:06Z" finished-at="2018-06-06T06:52:08Z">
      <class name="projects.GetClientCount">
        <test-method status="PASS" signature="GetRequestClient()[pri:0, instance:projects.GetClientCount@1593948d]" name="GetRequestClient" duration-ms="2503" started-at="2018-06-06T12:22:06Z" finished-at="2018-06-06T12:22:08Z">
          <reporter-output>
          </reporter-output>
        </test-method> <!-- GetRequestClient -->
      </class> <!-- projects.GetClientCount -->
    </test> <!-- Default test -->
  </suite> <!-- Default suite -->
</testng-results>
